Determining if the pthread_create exist failed with the following output:
Change Dir: /home/pi/groovy_workspace/GitHubRepos/X-Bar_stack/SpiderRobot/build/CMakeFiles/CMakeTmp

Run Build Command:/usr/bin/make "cmTryCompileExec2551790271/fast"
make[1]: Entering directory `/home/pi/groovy_workspace/GitHubRepos/X-Bar_stack/SpiderRobot/build/CMakeFiles/CMakeTmp'
/usr/bin/make -f CMakeFiles/cmTryCompileExec2551790271.dir/build.make CMakeFiles/cmTryCompileExec2551790271.dir/build
make[2]: Entering directory `/home/pi/groovy_workspace/GitHubRepos/X-Bar_stack/SpiderRobot/build/CMakeFiles/CMakeTmp'
/usr/bin/cmake -E cmake_progress_report /home/pi/groovy_workspace/GitHubRepos/X-Bar_stack/SpiderRobot/build/CMakeFiles/CMakeTmp/CMakeFiles 1
Building C object CMakeFiles/cmTryCompileExec2551790271.dir/CheckSymbolExists.c.o
/usr/bin/gcc    -o CMakeFiles/cmTryCompileExec2551790271.dir/CheckSymbolExists.c.o   -c /home/pi/groovy_workspace/GitHubRepos/X-Bar_stack/SpiderRobot/build/CMakeFiles/CMakeTmp/CheckSymbolExists.c
Linking C executable cmTryCompileExec2551790271
/usr/bin/cmake -E cmake_link_script CMakeFiles/cmTryCompileExec2551790271.dir/link.txt --verbose=1
/usr/bin/gcc         CMakeFiles/cmTryCompileExec2551790271.dir/CheckSymbolExists.c.o  -o cmTryCompileExec2551790271 -rdynamic 
CMakeFiles/cmTryCompileExec2551790271.dir/CheckSymbolExists.c.o: In function `main':
CheckSymbolExists.c:(.text+0x38): undefined reference to `pthread_create'
collect2: ld returned 1 exit status
make[2]: Leaving directory `/home/pi/groovy_workspace/GitHubRepos/X-Bar_stack/SpiderRobot/build/CMakeFiles/CMakeTmp'
make[2]: *** [cmTryCompileExec2551790271] Error 1
make[1]: Leaving directory `/home/pi/groovy_workspace/GitHubRepos/X-Bar_stack/SpiderRobot/build/CMakeFiles/CMakeTmp'
make[1]: *** [cmTryCompileExec2551790271/fast] Error 2

File /home/pi/groovy_workspace/GitHubRepos/X-Bar_stack/SpiderRobot/build/CMakeFiles/CMakeTmp/CheckSymbolExists.c:
/* */
#include <pthread.h>

int main(int argc, char** argv)
{
  (void)argv;
#ifndef pthread_create
  return ((int*)(&pthread_create))[argc];
#else
  (void)argc;
  return 0;
#endif
}

Determining if the function pthread_create exists in the pthreads failed with the following output:
Change Dir: /home/pi/groovy_workspace/GitHubRepos/X-Bar_stack/SpiderRobot/build/CMakeFiles/CMakeTmp

Run Build Command:/usr/bin/make "cmTryCompileExec363783628/fast"
make[1]: Entering directory `/home/pi/groovy_workspace/GitHubRepos/X-Bar_stack/SpiderRobot/build/CMakeFiles/CMakeTmp'
/usr/bin/make -f CMakeFiles/cmTryCompileExec363783628.dir/build.make CMakeFiles/cmTryCompileExec363783628.dir/build
make[2]: Entering directory `/home/pi/groovy_workspace/GitHubRepos/X-Bar_stack/SpiderRobot/build/CMakeFiles/CMakeTmp'
/usr/bin/cmake -E cmake_progress_report /home/pi/groovy_workspace/GitHubRepos/X-Bar_stack/SpiderRobot/build/CMakeFiles/CMakeTmp/CMakeFiles 1
Building C object CMakeFiles/cmTryCompileExec363783628.dir/CheckFunctionExists.c.o
/usr/bin/gcc   -DCHECK_FUNCTION_EXISTS=pthread_create   -o CMakeFiles/cmTryCompileExec363783628.dir/CheckFunctionExists.c.o   -c /usr/share/cmake-2.8/Modules/CheckFunctionExists.c
Linking C executable cmTryCompileExec363783628
/usr/bin/cmake -E cmake_link_script CMakeFiles/cmTryCompileExec363783628.dir/link.txt --verbose=1
/usr/bin/gcc     -DCHECK_FUNCTION_EXISTS=pthread_create    CMakeFiles/cmTryCompileExec363783628.dir/CheckFunctionExists.c.o  -o cmTryCompileExec363783628 -rdynamic -lpthreads 
/usr/bin/ld: cannot find -lpthreads
collect2: ld returned 1 exit status
make[2]: Leaving directory `/home/pi/groovy_workspace/GitHubRepos/X-Bar_stack/SpiderRobot/build/CMakeFiles/CMakeTmp'
make[2]: *** [cmTryCompileExec363783628] Error 1
make[1]: Leaving directory `/home/pi/groovy_workspace/GitHubRepos/X-Bar_stack/SpiderRobot/build/CMakeFiles/CMakeTmp'
make[1]: *** [cmTryCompileExec363783628/fast] Error 2


